<?xml version="1.0" encoding="UTF-8"?>
<!-- Generated by org.testng.reporters.JUnitReportReporter -->
<testsuite hostname="DESKTOP-MQLPV38" failures="0" tests="1" name="TestCases.TC__002__LoginPage" time="2.681" errors="0" timestamp="2024-05-25T18:41:26 IST" skipped="0">
  <testcase classname="TestCases.TC__002__LoginPage" name="login" time="2.681"/>
</testsuite> <!-- TestCases.TC__002__LoginPage -->
