<?xml version="1.0" encoding="UTF-8"?>
<!-- Generated by org.testng.reporters.JUnitReportReporter -->
<testsuite hostname="DESKTOP-MQLPV38" failures="0" tests="1" name="TestCases.TC__001__accountReg" time="3.329" errors="0" timestamp="2024-05-25T17:46:50 IST" skipped="0">
  <testcase classname="TestCases.TC__001__accountReg" name="regestion" time="3.329"/>
</testsuite> <!-- TestCases.TC__001__accountReg -->
