<?xml version="1.0" encoding="UTF-8"?>
<!-- Generated by org.testng.reporters.JUnitReportReporter -->
<testsuite hostname="DESKTOP-MQLPV38" failures="0" tests="1" name="TestCases.TC__003_New_Account_Services" time="3.419" errors="0" timestamp="2024-05-25T15:15:07 IST" skipped="0">
  <testcase classname="TestCases.TC__003_New_Account_Services" name="New_account_open" time="3.419"/>
</testsuite> <!-- TestCases.TC__003_New_Account_Services -->
